<?xml version="1.0" encoding="UTF-8"?>
<coverage generated="1550779253">
  <project timestamp="1550779253">
    <package name="PomeloPHP">
      <file name="/Users/Simon/Sites/pomelo-php/src/Client.php">
        <class name="Client" namespace="PomeloPHP">
          <metrics complexity="12" methods="10" coveredmethods="7" conditionals="0" coveredconditionals="0" statements="34" coveredstatements="25" elements="44" coveredelements="32"/>
        </class>
        <line num="59" type="method" name="__construct" visibility="public" complexity="2" crap="2" count="2"/>
        <line num="61" type="stmt" count="2"/>
        <line num="62" type="stmt" count="2"/>
        <line num="63" type="stmt" count="2"/>
        <line num="64" type="stmt" count="2"/>
        <line num="65" type="stmt" count="2"/>
        <line num="67" type="stmt" count="2"/>
        <line num="69" type="stmt" count="2"/>
        <line num="70" type="stmt" count="2"/>
        <line num="75" type="method" name="setClient" visibility="public" complexity="1" crap="1" count="1"/>
        <line num="77" type="stmt" count="1"/>
        <line num="78" type="stmt" count="1"/>
        <line num="83" type="method" name="initiateHttpClient" visibility="private" complexity="1" crap="1" count="2"/>
        <line num="87" type="stmt" count="2"/>
        <line num="88" type="stmt" count="2"/>
        <line num="89" type="stmt" count="2"/>
        <line num="93" type="stmt" count="2"/>
        <line num="94" type="stmt" count="2"/>
        <line num="96" type="method" name="buildBaseUrl" visibility="private" complexity="1" crap="1" count="1"/>
        <line num="98" type="stmt" count="1"/>
        <line num="105" type="method" name="handleResponse" visibility="private" complexity="1" crap="1" count="1"/>
        <line num="107" type="stmt" count="1"/>
        <line num="108" type="stmt" count="1"/>
        <line num="110" type="stmt" count="1"/>
        <line num="119" type="method" name="post" visibility="public" complexity="1" crap="1" count="1"/>
        <line num="121" type="stmt" count="1"/>
        <line num="122" type="stmt" count="1"/>
        <line num="123" type="stmt" count="1"/>
        <line num="125" type="stmt" count="1"/>
        <line num="126" type="stmt" count="1"/>
        <line num="134" type="method" name="get" visibility="public" complexity="1" crap="2" count="0"/>
        <line num="136" type="stmt" count="0"/>
        <line num="137" type="stmt" count="0"/>
        <line num="138" type="stmt" count="0"/>
        <line num="141" type="stmt" count="0"/>
        <line num="149" type="method" name="applyPagination" visibility="private" complexity="2" crap="6" count="0"/>
        <line num="151" type="stmt" count="0"/>
        <line num="152" type="stmt" count="0"/>
        <line num="155" type="stmt" count="0"/>
        <line num="162" type="method" name="cleanPagination" visibility="private" complexity="1" crap="2" count="0"/>
        <line num="165" type="stmt" count="0"/>
        <line num="168" type="stmt" count="0"/>
        <line num="174" type="method" name="getApiKey" visibility="public" complexity="1" crap="1" count="1"/>
        <line num="176" type="stmt" count="1"/>
        <metrics loc="178" ncloc="117" classes="1" methods="10" coveredmethods="7" conditionals="0" coveredconditionals="0" statements="34" coveredstatements="25" elements="44" coveredelements="32"/>
      </file>
      <file name="/Users/Simon/Sites/pomelo-php/src/Transactions.php">
        <class name="Transactions" namespace="PomeloPHP">
          <metrics complexity="2" methods="2" coveredmethods="2" conditionals="0" coveredconditionals="0" statements="5" coveredstatements="5" elements="7" coveredelements="7"/>
        </class>
        <line num="21" type="method" name="__construct" visibility="public" complexity="1" crap="1" count="3"/>
        <line num="23" type="stmt" count="3"/>
        <line num="24" type="stmt" count="3"/>
        <line num="31" type="method" name="create" visibility="public" complexity="1" crap="1" count="2"/>
        <line num="33" type="stmt" count="2"/>
        <line num="34" type="stmt" count="2"/>
        <line num="35" type="stmt" count="2"/>
        <metrics loc="37" ncloc="25" classes="1" methods="2" coveredmethods="2" conditionals="0" coveredconditionals="0" statements="5" coveredstatements="5" elements="7" coveredelements="7"/>
      </file>
    </package>
    <package name="PomeloPHP\Crypt">
      <file name="/Users/Simon/Sites/pomelo-php/src/Crypt/Signature.php">
        <class name="Signature" namespace="PomeloPHP\Crypt">
          <metrics complexity="2" methods="2" coveredmethods="2" conditionals="0" coveredconditionals="0" statements="7" coveredstatements="7" elements="9" coveredelements="9"/>
        </class>
        <line num="24" type="method" name="__construct" visibility="public" complexity="1" crap="1" count="2"/>
        <line num="26" type="stmt" count="2"/>
        <line num="27" type="stmt" count="2"/>
        <line num="28" type="stmt" count="2"/>
        <line num="33" type="method" name="sign" visibility="public" complexity="1" crap="1" count="2"/>
        <line num="35" type="stmt" count="2"/>
        <line num="36" type="stmt" count="2"/>
        <line num="37" type="stmt" count="2"/>
        <line num="39" type="stmt" count="2"/>
        <metrics loc="41" ncloc="27" classes="1" methods="2" coveredmethods="2" conditionals="0" coveredconditionals="0" statements="7" coveredstatements="7" elements="9" coveredelements="9"/>
      </file>
    </package>
    <package name="PomeloPHP\Model">
      <file name="/Users/Simon/Sites/pomelo-php/src/Model/Transaction.php">
        <class name="Transaction" namespace="PomeloPHP\Model">
          <metrics complexity="7" methods="5" coveredmethods="2" conditionals="0" coveredconditionals="0" statements="11" coveredstatements="6" elements="16" coveredelements="8"/>
        </class>
        <line num="19" type="method" name="getAmount" visibility="public" complexity="1" crap="1" count="2"/>
        <line num="21" type="stmt" count="2"/>
        <line num="27" type="method" name="setAmount" visibility="public" complexity="1" crap="2" count="0"/>
        <line num="29" type="stmt" count="0"/>
        <line num="30" type="stmt" count="0"/>
        <line num="35" type="method" name="getCurrency" visibility="public" complexity="1" crap="1" count="2"/>
        <line num="37" type="stmt" count="2"/>
        <line num="43" type="method" name="setCurrency" visibility="public" complexity="1" crap="2" count="0"/>
        <line num="45" type="stmt" count="0"/>
        <line num="46" type="stmt" count="0"/>
        <line num="52" type="method" name="fromArray" visibility="public" complexity="3" crap="3.07" count="2"/>
        <line num="54" type="stmt" count="2"/>
        <line num="55" type="stmt" count="2"/>
        <line num="56" type="stmt" count="2"/>
        <line num="58" type="stmt" count="2"/>
        <line num="61" type="stmt" count="0"/>
        <metrics loc="63" ncloc="41" classes="1" methods="5" coveredmethods="2" conditionals="0" coveredconditionals="0" statements="11" coveredstatements="6" elements="16" coveredelements="8"/>
      </file>
    </package>
    <metrics files="4" loc="319" ncloc="210" classes="4" methods="19" coveredmethods="13" conditionals="0" coveredconditionals="0" statements="57" coveredstatements="43" elements="76" coveredelements="56"/>
  </project>
</coverage>
